Build started 12/4/2012 6:59:40 PM.
     1>Project "C:\Users\Kristian\Documents\GitHub\Fried-Tofu-Quest\Fried Tofu\Main\Main\Main.vcxproj" on node 2 (build target(s)).
     1>InitializeBuildStatus:
         Creating "Debug\Fried Tofu Quest.unsuccessfulbuild" because "AlwaysCreate" was specified.
       ClCompile:
         C:\Program Files (x86)\Microsoft Visual Studio 10.0\VC\bin\CL.exe /c /IC:\cinder_0.8.4_vc2010\cinder_0.8.4_vc2010\include /IC:\cinder_0.8.4_vc2010\cinder_0.8.4_vc2010\boost /ZI /nologo /W3 /WX- /Od /Oy- /D WIN32 /D _DEBUG /D _WINDOWS /D _UNICODE /D UNICODE /Gm /EHsc /RTC1 /MTd /GS /fp:precise /Zc:wchar_t /Zc:forScope /Fo"Debug\\" /Fd"Debug\vc100.pdb" /Gd /TP /analyze- /errorReport:prompt ..\..\src\Main.cpp
         Main.cpp
     1>c:\users\kristian\documents\github\fried-tofu-quest\fried tofu\src\main.cpp(14): warning C4305: 'initializing' : truncation from 'double' to 'float'
     1>c:\users\kristian\documents\github\fried-tofu-quest\fried tofu\src\main.cpp(92): warning C4244: 'argument' : conversion from 'int' to 'float', possible loss of data
     1>c:\users\kristian\documents\github\fried-tofu-quest\fried tofu\src\main.cpp(92): warning C4244: 'argument' : conversion from 'int' to 'float', possible loss of data
       ManifestResourceCompile:
         All outputs are up-to-date.
       Link:
         C:\Program Files (x86)\Microsoft Visual Studio 10.0\VC\bin\link.exe /ERRORREPORT:PROMPT /OUT:"C:\Users\Kristian\Documents\GitHub\Fried-Tofu-Quest\Fried Tofu\Main\Debug\Fried Tofu Quest.exe" /INCREMENTAL /NOLOGO /LIBPATH:C:\cinder_0.8.4_vc2010\cinder_0.8.4_vc2010\lib /LIBPATH:C:\cinder_0.8.4_vc2010\cinder_0.8.4_vc2010\lib\msw cinder_d.lib kernel32.lib user32.lib gdi32.lib winspool.lib comdlg32.lib advapi32.lib shell32.lib ole32.lib oleaut32.lib uuid.lib odbc32.lib odbccp32.lib /NODEFAULTLIB:LIBCMT /MANIFEST /ManifestFile:"Debug\Fried Tofu Quest.exe.intermediate.manifest" /MANIFESTUAC:"level='asInvoker' uiAccess='false'" /DEBUG /PDB:"C:\Users\Kristian\Documents\GitHub\Fried-Tofu-Quest\Fried Tofu\Main\Debug\Fried Tofu Quest.pdb" /SUBSYSTEM:WINDOWS /TLBID:1 /DYNAMICBASE /NXCOMPAT /IMPLIB:"C:\Users\Kristian\Documents\GitHub\Fried-Tofu-Quest\Fried Tofu\Main\Debug\Fried Tofu Quest.lib" /MACHINE:X86 "Debug\Fried Tofu Quest.exe.embed.manifest.res"
         Debug\Main.obj
     1>cinder_d.lib(zutil.obj) : warning LNK4099: PDB 'vc100.pdb' was not found with 'cinder_d.lib(zutil.obj)' or at 'C:\Users\Kristian\Documents\GitHub\Fried-Tofu-Quest\Fried Tofu\Main\Debug\vc100.pdb'; linking object as if no debug info
     1>cinder_d.lib(trees.obj) : warning LNK4099: PDB 'vc100.pdb' was not found with 'cinder_d.lib(trees.obj)' or at 'C:\Users\Kristian\Documents\GitHub\Fried-Tofu-Quest\Fried Tofu\Main\Debug\vc100.pdb'; linking object as if no debug info
     1>cinder_d.lib(inftrees.obj) : warning LNK4099: PDB 'vc100.pdb' was not found with 'cinder_d.lib(inftrees.obj)' or at 'C:\Users\Kristian\Documents\GitHub\Fried-Tofu-Quest\Fried Tofu\Main\Debug\vc100.pdb'; linking object as if no debug info
     1>cinder_d.lib(inflate.obj) : warning LNK4099: PDB 'vc100.pdb' was not found with 'cinder_d.lib(inflate.obj)' or at 'C:\Users\Kristian\Documents\GitHub\Fried-Tofu-Quest\Fried Tofu\Main\Debug\vc100.pdb'; linking object as if no debug info
     1>cinder_d.lib(inffast.obj) : warning LNK4099: PDB 'vc100.pdb' was not found with 'cinder_d.lib(inffast.obj)' or at 'C:\Users\Kristian\Documents\GitHub\Fried-Tofu-Quest\Fried Tofu\Main\Debug\vc100.pdb'; linking object as if no debug info
     1>cinder_d.lib(deflate.obj) : warning LNK4099: PDB 'vc100.pdb' was not found with 'cinder_d.lib(deflate.obj)' or at 'C:\Users\Kristian\Documents\GitHub\Fried-Tofu-Quest\Fried Tofu\Main\Debug\vc100.pdb'; linking object as if no debug info
     1>cinder_d.lib(crc32.obj) : warning LNK4099: PDB 'vc100.pdb' was not found with 'cinder_d.lib(crc32.obj)' or at 'C:\Users\Kristian\Documents\GitHub\Fried-Tofu-Quest\Fried Tofu\Main\Debug\vc100.pdb'; linking object as if no debug info
     1>cinder_d.lib(compress.obj) : warning LNK4099: PDB 'vc100.pdb' was not found with 'cinder_d.lib(compress.obj)' or at 'C:\Users\Kristian\Documents\GitHub\Fried-Tofu-Quest\Fried Tofu\Main\Debug\vc100.pdb'; linking object as if no debug info
     1>cinder_d.lib(adler32.obj) : warning LNK4099: PDB 'vc100.pdb' was not found with 'cinder_d.lib(adler32.obj)' or at 'C:\Users\Kristian\Documents\GitHub\Fried-Tofu-Quest\Fried Tofu\Main\Debug\vc100.pdb'; linking object as if no debug info
       Manifest:
         C:\Program Files (x86)\Microsoft SDKs\Windows\v7.0A\bin\mt.exe /nologo /verbose /out:"Debug\Fried Tofu Quest.exe.embed.manifest" /manifest "Debug\Fried Tofu Quest.exe.intermediate.manifest"
         All outputs are up-to-date.
       LinkEmbedManifest:
         All outputs are up-to-date.
         Main.vcxproj -> C:\Users\Kristian\Documents\GitHub\Fried-Tofu-Quest\Fried Tofu\Main\Debug\Fried Tofu Quest.exe
       FinalizeBuildStatus:
         Deleting file "Debug\Fried Tofu Quest.unsuccessfulbuild".
         Touching "Debug\Fried Tofu Quest.lastbuildstate".
     1>Done Building Project "C:\Users\Kristian\Documents\GitHub\Fried-Tofu-Quest\Fried Tofu\Main\Main\Main.vcxproj" (build target(s)).

Build succeeded.

Time Elapsed 00:00:09.34
